2025-03-04 01:48:16.9617 INFO Now listening on: https://localhost:7264
2025-03-04 01:48:17.0039 INFO Now listening on: http://localhost:5147
2025-03-04 01:48:17.0503 INFO Application started. Press Ctrl+C to shut down.
2025-03-04 01:48:17.0503 INFO Hosting environment: Development
2025-03-04 01:48:17.0503 INFO Content root path: C:\Users\patha\source\repos\HelloGreetingApplication\HelloGreetingApplication\
2025-03-04 01:49:06.5698 INFO Request starting HTTP/2 GET https://localhost:7264/swagger - -
2025-03-04 01:49:08.9525 INFO Request starting HTTP/2 GET https://localhost:7264/swagger - -
2025-03-04 01:49:09.8270 INFO Request starting HTTP/2 GET https://localhost:7264/swagger - -
2025-03-04 01:49:09.8270 INFO Request finished HTTP/2 GET https://localhost:7264/swagger - - - 0 - - 3261.5126ms
2025-03-04 01:49:09.8270 INFO Request finished HTTP/2 GET https://localhost:7264/swagger - - - 0 - - 873.1236ms
2025-03-04 01:49:09.9427 INFO Request finished HTTP/2 GET https://localhost:7264/swagger - - - 301 0 - 115.5440ms
2025-03-04 01:49:09.9553 INFO Request starting HTTP/2 GET https://localhost:7264/swagger/index.html - -
2025-03-04 01:49:10.1780 INFO Request finished HTTP/2 GET https://localhost:7264/swagger/index.html - - - 200 - text/html;charset=utf-8 222.6497ms
2025-03-04 01:49:10.1965 INFO Request starting HTTP/2 GET https://localhost:7264/swagger/swagger-ui.css - -
2025-03-04 01:49:10.2320 INFO Request starting HTTP/2 GET https://localhost:7264/swagger/index.css - -
2025-03-04 01:49:10.2320 INFO Request starting HTTP/2 GET https://localhost:7264/swagger/swagger-ui-standalone-preset.js - -
2025-03-04 01:49:10.2320 INFO Request starting HTTP/2 GET https://localhost:7264/swagger/index.js - -
2025-03-04 01:49:10.2320 INFO Request starting HTTP/2 GET https://localhost:7264/swagger/swagger-ui-bundle.js - -
2025-03-04 01:49:10.2320 INFO Request starting HTTP/2 GET https://localhost:7264/_framework/aspnetcore-browser-refresh.js - -
2025-03-04 01:49:10.2718 INFO Sending file. Request path: '/index.css'. Physical path: 'N/A'
2025-03-04 01:49:10.3575 INFO Request finished HTTP/2 GET https://localhost:7264/swagger/index.css - - - 200 202 text/css 125.2617ms
2025-03-04 01:49:10.3575 INFO Request finished HTTP/2 GET https://localhost:7264/_framework/aspnetcore-browser-refresh.js - - - 200 12380 application/javascript;+charset=utf-8 121.5773ms
2025-03-04 01:49:10.3575 INFO Request finished HTTP/2 GET https://localhost:7264/swagger/index.js - - - 200 - application/javascript;charset=utf-8 129.6283ms
2025-03-04 01:49:10.3575 INFO Sending file. Request path: '/swagger-ui-standalone-preset.js'. Physical path: 'N/A'
2025-03-04 01:49:10.3575 INFO Sending file. Request path: '/swagger-ui.css'. Physical path: 'N/A'
2025-03-04 01:49:10.3701 INFO Request finished HTTP/2 GET https://localhost:7264/swagger/swagger-ui-standalone-preset.js - - - 200 229223 application/javascript 134.7935ms
2025-03-04 01:49:10.3575 INFO Request finished HTTP/2 GET https://localhost:7264/swagger/swagger-ui.css - - - 200 154948 text/css 173.4543ms
2025-03-04 01:49:10.3701 INFO Request starting HTTP/2 GET https://localhost:7264/_vs/browserLink - -
2025-03-04 01:49:10.4491 INFO Sending file. Request path: '/swagger-ui-bundle.js'. Physical path: 'N/A'
2025-03-04 01:49:10.4491 INFO Request finished HTTP/2 GET https://localhost:7264/swagger/swagger-ui-bundle.js - - - 200 1466324 application/javascript 214.4406ms
2025-03-04 01:49:10.6405 INFO Request finished HTTP/2 GET https://localhost:7264/_vs/browserLink - - - 200 - text/javascript;+charset=UTF-8 265.4163ms
2025-03-04 01:49:10.8194 INFO Request starting HTTP/2 GET https://localhost:7264/swagger/v1/swagger.json - -
2025-03-04 01:49:10.8194 INFO Request finished HTTP/2 GET https://localhost:7264/swagger/v1/swagger.json - - - 200 - application/json;charset=utf-8 11.0283ms
2025-03-04 01:49:10.8695 INFO Request starting HTTP/2 GET https://localhost:7264/swagger/favicon-32x32.png - -
2025-03-04 01:49:10.8695 INFO Sending file. Request path: '/favicon-32x32.png'. Physical path: 'N/A'
2025-03-04 01:49:10.8695 INFO Request finished HTTP/2 GET https://localhost:7264/swagger/favicon-32x32.png - - - 200 628 image/png 2.4425ms
2025-03-04 02:00:43.3559 INFO Now listening on: https://localhost:7264
2025-03-04 02:00:43.4107 INFO Now listening on: http://localhost:5147
2025-03-04 02:00:43.4939 INFO Application started. Press Ctrl+C to shut down.
2025-03-04 02:00:43.4944 INFO Hosting environment: Development
2025-03-04 02:00:43.4944 INFO Content root path: C:\Users\patha\source\repos\HelloGreetingApplication\HelloGreetingApplication\
2025-03-04 02:00:44.3204 INFO Request starting HTTP/2 GET https://localhost:7264/swagger - -
2025-03-04 02:00:44.6335 INFO Request finished HTTP/2 GET https://localhost:7264/swagger - - - 301 0 - 316.7056ms
2025-03-04 02:00:44.6397 INFO Request starting HTTP/2 GET https://localhost:7264/swagger/index.html - -
2025-03-04 02:00:44.7886 INFO Request finished HTTP/2 GET https://localhost:7264/swagger/index.html - - - 200 - text/html;charset=utf-8 148.8395ms
2025-03-04 02:00:44.8014 INFO Request starting HTTP/2 GET https://localhost:7264/swagger/swagger-ui.css - -
2025-03-04 02:00:44.8129 INFO Request starting HTTP/2 GET https://localhost:7264/swagger/index.css - -
2025-03-04 02:00:44.8129 INFO Request starting HTTP/2 GET https://localhost:7264/swagger/swagger-ui-bundle.js - -
2025-03-04 02:00:44.8129 INFO Request starting HTTP/2 GET https://localhost:7264/swagger/swagger-ui-standalone-preset.js - -
2025-03-04 02:00:44.8129 INFO Request starting HTTP/2 GET https://localhost:7264/swagger/index.js - -
2025-03-04 02:00:44.8129 INFO Request starting HTTP/2 GET https://localhost:7264/_framework/aspnetcore-browser-refresh.js - -
2025-03-04 02:00:44.8129 INFO Request finished HTTP/2 GET https://localhost:7264/swagger/index.js - - - 200 - application/javascript;charset=utf-8 1.8592ms
2025-03-04 02:00:44.8129 INFO Request starting HTTP/2 GET https://localhost:7264/_vs/browserLink - -
2025-03-04 02:00:44.8220 INFO Sending file. Request path: '/index.css'. Physical path: 'N/A'
2025-03-04 02:00:44.8220 INFO Request finished HTTP/2 GET https://localhost:7264/swagger/index.css - - - 200 202 text/css 18.5200ms
2025-03-04 02:00:44.8948 INFO Request finished HTTP/2 GET https://localhost:7264/_framework/aspnetcore-browser-refresh.js - - - 200 12380 application/javascript;+charset=utf-8 81.0303ms
2025-03-04 02:00:44.8948 INFO Sending file. Request path: '/swagger-ui-standalone-preset.js'. Physical path: 'N/A'
2025-03-04 02:00:44.8948 INFO Sending file. Request path: '/swagger-ui.css'. Physical path: 'N/A'
2025-03-04 02:00:44.9072 INFO Request finished HTTP/2 GET https://localhost:7264/swagger/swagger-ui-standalone-preset.js - - - 200 229223 application/javascript 93.6410ms
2025-03-04 02:00:44.9072 INFO Request finished HTTP/2 GET https://localhost:7264/swagger/swagger-ui.css - - - 200 154948 text/css 105.8077ms
2025-03-04 02:00:44.9411 INFO Sending file. Request path: '/swagger-ui-bundle.js'. Physical path: 'N/A'
2025-03-04 02:00:44.9411 INFO Request finished HTTP/2 GET https://localhost:7264/swagger/swagger-ui-bundle.js - - - 200 1466324 application/javascript 128.2527ms
2025-03-04 02:00:44.9693 INFO Request finished HTTP/2 GET https://localhost:7264/_vs/browserLink - - - 200 - text/javascript;+charset=UTF-8 148.2863ms
2025-03-04 02:00:45.1842 INFO Request starting HTTP/2 GET https://localhost:7264/swagger/v1/swagger.json - -
2025-03-04 02:00:45.1842 INFO Request finished HTTP/2 GET https://localhost:7264/swagger/v1/swagger.json - - - 200 - application/json;charset=utf-8 10.5432ms
